Performing C++ SOURCE FILE Test CMAKE_HAVE_LIBC_PTHREAD failed with the following output:
Change Dir: /home/quinton/Desktop/TimerWolvesVision_buff2022/build/CMakeFiles/CMakeTmp

Run Build Command(s):/usr/bin/make cmTC_2a3b5/fast && /usr/bin/make -f CMakeFiles/cmTC_2a3b5.dir/build.make CMakeFiles/cmTC_2a3b5.dir/build
make[1]: 进入目录“/home/quinton/Desktop/TimerWolvesVision_buff2022/build/CMakeFiles/CMakeTmp”
Building CXX object CMakeFiles/cmTC_2a3b5.dir/src.cxx.o
/usr/bin/clang++    -Wall -Wextra -Wno-deprecated -DCMAKE_HAVE_LIBC_PTHREAD   -std=gnu++14 -o CMakeFiles/cmTC_2a3b5.dir/src.cxx.o -c /home/quinton/Desktop/TimerWolvesVision_buff2022/build/CMakeFiles/CMakeTmp/src.cxx
Linking CXX executable cmTC_2a3b5
/usr/bin/cmake -E cmake_link_script CMakeFiles/cmTC_2a3b5.dir/link.txt --verbose=1
/usr/bin/clang++  -Wall -Wextra -Wno-deprecated -DCMAKE_HAVE_LIBC_PTHREAD    CMakeFiles/cmTC_2a3b5.dir/src.cxx.o  -o cmTC_2a3b5 
/usr/bin/ld: CMakeFiles/cmTC_2a3b5.dir/src.cxx.o: in function `main':
src.cxx:(.text+0x35): undefined reference to `pthread_create'
/usr/bin/ld: src.cxx:(.text+0x41): undefined reference to `pthread_detach'
/usr/bin/ld: src.cxx:(.text+0x53): undefined reference to `pthread_join'
clang: error: linker command failed with exit code 1 (use -v to see invocation)
make[1]: *** [CMakeFiles/cmTC_2a3b5.dir/build.make:87：cmTC_2a3b5] 错误 1
make[1]: 离开目录“/home/quinton/Desktop/TimerWolvesVision_buff2022/build/CMakeFiles/CMakeTmp”
make: *** [Makefile:121：cmTC_2a3b5/fast] 错误 2


Source file was:
#include <pthread.h>

void* test_func(void* data)
{
  return data;
}

int main(void)
{
  pthread_t thread;
  pthread_create(&thread, NULL, test_func, NULL);
  pthread_detach(thread);
  pthread_join(thread, NULL);
  pthread_atfork(NULL, NULL, NULL);
  pthread_exit(NULL);

  return 0;
}

